<?xml version="1.0" encoding="UTF-8"?>
<robot generator="Robot 7.0.1 (Python 3.12.3 on win32)" generated="2024-07-25T13:52:21.153791" rpa="false" schemaversion="5">
<suite id="s1" name="Test Bank" source="C:\Users\Alina\Homework\pymar2024\homework22\tests\test_bank.robot">
<test id="s1-t1" name="Test Deposit Initialization" line="13">
<kw name="Create Deposit" owner="Bank_keywords">
<msg time="2024-07-25T13:52:21.286060" level="INFO">${deposit} = &lt;homework11_bank_deposit.Deposit object at 0x000001E34BE024B0&gt;</msg>
<var>${deposit}</var>
<arg>${INITIAL_AMOUNT}</arg>
<arg>${YEARS}</arg>
<doc>Creates a new Deposit instance.</doc>
<status status="PASS" start="2024-07-25T13:52:21.284883" elapsed="0.005178"/>
</kw>
<kw name="Get Deposit Amount" owner="Bank_keywords">
<msg time="2024-07-25T13:52:21.292061" level="INFO">${amount} = 100</msg>
<var>${amount}</var>
<arg>${deposit}</arg>
<doc>Returns the initial deposit amount.</doc>
<status status="PASS" start="2024-07-25T13:52:21.290061" elapsed="0.002999"/>
</kw>
<kw name="Get Deposit Term" owner="Bank_keywords">
<msg time="2024-07-25T13:52:21.294061" level="INFO">${term} = 2</msg>
<var>${term}</var>
<arg>${deposit}</arg>
<doc>Returns the term of the deposit in years.</doc>
<status status="PASS" start="2024-07-25T13:52:21.293060" elapsed="0.001001"/>
</kw>
<kw name="Get Annual Rate" owner="Bank_keywords">
<msg time="2024-07-25T13:52:21.295061" level="INFO">${rate} = 10</msg>
<var>${rate}</var>
<arg>${deposit}</arg>
<doc>Returns the annual interest rate of the deposit.</doc>
<status status="PASS" start="2024-07-25T13:52:21.294061" elapsed="0.001999"/>
</kw>
<kw name="Log" owner="BuiltIn">
<msg time="2024-07-25T13:52:21.296836" level="INFO">Initial deposit amount: 100</msg>
<arg>Initial deposit amount: ${amount}</arg>
<doc>Logs the given message with the given level.</doc>
<status status="PASS" start="2024-07-25T13:52:21.296836" elapsed="0.000000"/>
</kw>
<kw name="Log" owner="BuiltIn">
<msg time="2024-07-25T13:52:21.297838" level="INFO">Deposit term: 2 2</msg>
<arg>Deposit term: ${term} ${YEARS}</arg>
<doc>Logs the given message with the given level.</doc>
<status status="PASS" start="2024-07-25T13:52:21.297838" elapsed="0.000000"/>
</kw>
<kw name="Log" owner="BuiltIn">
<msg time="2024-07-25T13:52:21.298839" level="INFO">Annual interest rate: 10%</msg>
<arg>Annual interest rate: ${rate}%</arg>
<doc>Logs the given message with the given level.</doc>
<status status="PASS" start="2024-07-25T13:52:21.298839" elapsed="0.000000"/>
</kw>
<kw name="Should Be Equal As Numbers" owner="BuiltIn">
<arg>${amount}</arg>
<arg>${INITIAL_AMOUNT}</arg>
<doc>Fails if objects are unequal after converting them to real numbers.</doc>
<status status="PASS" start="2024-07-25T13:52:21.299840" elapsed="0.000000"/>
</kw>
<kw name="Should Be Equal As Numbers" owner="BuiltIn">
<arg>${term}</arg>
<arg>${YEARS}</arg>
<doc>Fails if objects are unequal after converting them to real numbers.</doc>
<status status="PASS" start="2024-07-25T13:52:21.299840" elapsed="0.000996"/>
</kw>
<kw name="Should Be Equal As Numbers" owner="BuiltIn">
<msg time="2024-07-25T13:52:21.302839" level="INFO">Argument types are:
&lt;class 'int'&gt;
&lt;class 'str'&gt;</msg>
<arg>${rate}</arg>
<arg>10</arg>
<doc>Fails if objects are unequal after converting them to real numbers.</doc>
<status status="PASS" start="2024-07-25T13:52:21.301838" elapsed="0.001001"/>
</kw>
<doc>Testing deposit initialization.</doc>
<status status="PASS" start="2024-07-25T13:52:21.281886" elapsed="0.021949"/>
</test>
<test id="s1-t2" name="Test Final Amount" line="26">
<kw name="Create Deposit" owner="Bank_keywords">
<msg time="2024-07-25T13:52:21.306103" level="INFO">${deposit} = &lt;homework11_bank_deposit.Deposit object at 0x000001E34BE213D0&gt;</msg>
<var>${deposit}</var>
<arg>${INITIAL_AMOUNT}</arg>
<arg>${YEARS}</arg>
<doc>Creates a new Deposit instance.</doc>
<status status="PASS" start="2024-07-25T13:52:21.306103" elapsed="0.000000"/>
</kw>
<kw name="Final Amount" owner="Bank_keywords">
<msg time="2024-07-25T13:52:21.307105" level="INFO">${final_amount} = 122.03909613755604</msg>
<var>${final_amount}</var>
<arg>${deposit}</arg>
<doc>Calculates the final amount of the deposit after the term.</doc>
<status status="PASS" start="2024-07-25T13:52:21.307105" elapsed="0.000000"/>
</kw>
<kw name="Evaluate" owner="BuiltIn">
<msg time="2024-07-25T13:52:21.308105" level="INFO">${expected_amount} = 122.03909613755593</msg>
<var>${expected_amount}</var>
<arg>100 * (1 + 10 / 12 / 100) ** (2 * 12)</arg>
<doc>Evaluates the given expression in Python and returns the result.</doc>
<status status="PASS" start="2024-07-25T13:52:21.307105" elapsed="0.001000"/>
</kw>
<kw name="Log" owner="BuiltIn">
<msg time="2024-07-25T13:52:21.309103" level="INFO">Calculated final amount: 122.03909613755604</msg>
<arg>Calculated final amount: ${final_amount}</arg>
<doc>Logs the given message with the given level.</doc>
<status status="PASS" start="2024-07-25T13:52:21.308105" elapsed="0.000998"/>
</kw>
<kw name="Log" owner="BuiltIn">
<msg time="2024-07-25T13:52:21.310104" level="INFO">Expected final amount: 122.03909613755593</msg>
<arg>Expected final amount: ${expected_amount}</arg>
<doc>Logs the given message with the given level.</doc>
<status status="PASS" start="2024-07-25T13:52:21.309103" elapsed="0.001001"/>
</kw>
<kw name="Should Be Equal As Numbers" owner="BuiltIn">
<arg>${final_amount}</arg>
<arg>${expected_amount}</arg>
<doc>Fails if objects are unequal after converting them to real numbers.</doc>
<status status="PASS" start="2024-07-25T13:52:21.310104" elapsed="0.001001"/>
</kw>
<doc>Testing final amount calculation.</doc>
<status status="PASS" start="2024-07-25T13:52:21.304836" elapsed="0.006269"/>
</test>
<test id="s1-t3" name="Test Bank Deposit" line="35">
<kw name="Create Bank" owner="Bank_keywords">
<msg time="2024-07-25T13:52:21.314102" level="INFO">${bank} = &lt;homework11_bank_deposit.Bank object at 0x000001E34BE23260&gt;</msg>
<var>${bank}</var>
<doc>Creates a new Bank instance.</doc>
<status status="PASS" start="2024-07-25T13:52:21.313105" elapsed="0.000997"/>
</kw>
<kw name="Deposit To Bank" owner="Bank_keywords">
<msg time="2024-07-25T13:52:21.315102" level="INFO">${final_amount} = 122.03909613755604</msg>
<var>${final_amount}</var>
<arg>${bank}</arg>
<arg>${USER}</arg>
<arg>${INITIAL_AMOUNT}</arg>
<arg>${YEARS}</arg>
<doc>Makes a deposit to the bank for a specific user.</doc>
<status status="PASS" start="2024-07-25T13:52:21.314102" elapsed="0.001000"/>
</kw>
<kw name="Withdraw" owner="Bank_keywords">
<msg time="2024-07-25T13:52:21.316104" level="INFO">${user_amount} = 122.03909613755604</msg>
<var>${user_amount}</var>
<arg>${bank}</arg>
<arg>${USER}</arg>
<doc>Withdraws the deposit amount for a user from the bank.</doc>
<status status="PASS" start="2024-07-25T13:52:21.315102" elapsed="0.001188"/>
</kw>
<kw name="Log" owner="BuiltIn">
<msg time="2024-07-25T13:52:21.316290" level="INFO">Final amount in bank: 122.03909613755604</msg>
<arg>Final amount in bank: ${final_amount}</arg>
<doc>Logs the given message with the given level.</doc>
<status status="PASS" start="2024-07-25T13:52:21.316290" elapsed="0.000000"/>
</kw>
<kw name="Log" owner="BuiltIn">
<msg time="2024-07-25T13:52:21.317291" level="INFO">User amount after withdrawal: 122.03909613755604</msg>
<arg>User amount after withdrawal: ${user_amount}</arg>
<doc>Logs the given message with the given level.</doc>
<status status="PASS" start="2024-07-25T13:52:21.317291" elapsed="0.000000"/>
</kw>
<kw name="Should Be Equal As Numbers" owner="BuiltIn">
<arg>${user_amount}</arg>
<arg>${final_amount}</arg>
<doc>Fails if objects are unequal after converting them to real numbers.</doc>
<status status="PASS" start="2024-07-25T13:52:21.318291" elapsed="0.000000"/>
</kw>
<doc>Testing bank deposit functionality.</doc>
<status status="PASS" start="2024-07-25T13:52:21.312103" elapsed="0.006188"/>
</test>
<test id="s1-t4" name="Test Bank Withdraw" line="44">
<kw name="Create Bank" owner="Bank_keywords">
<msg time="2024-07-25T13:52:21.321290" level="INFO">${bank} = &lt;homework11_bank_deposit.Bank object at 0x000001E34BDC9A00&gt;</msg>
<var>${bank}</var>
<doc>Creates a new Bank instance.</doc>
<status status="PASS" start="2024-07-25T13:52:21.320291" elapsed="0.000999"/>
</kw>
<kw name="Deposit To Bank" owner="Bank_keywords">
<msg time="2024-07-25T13:52:21.322291" level="INFO">${final_amount} = 122.03909613755604</msg>
<var>${final_amount}</var>
<arg>${bank}</arg>
<arg>${USER}</arg>
<arg>${INITIAL_AMOUNT}</arg>
<arg>${YEARS}</arg>
<doc>Makes a deposit to the bank for a specific user.</doc>
<status status="PASS" start="2024-07-25T13:52:21.321290" elapsed="0.001001"/>
</kw>
<kw name="Withdraw" owner="Bank_keywords">
<msg time="2024-07-25T13:52:21.323292" level="INFO">${withdrawn_amount} = 122.03909613755604</msg>
<var>${withdrawn_amount}</var>
<arg>${bank}</arg>
<arg>${USER}</arg>
<doc>Withdraws the deposit amount for a user from the bank.</doc>
<status status="PASS" start="2024-07-25T13:52:21.322291" elapsed="0.001001"/>
</kw>
<kw name="Log" owner="BuiltIn">
<msg time="2024-07-25T13:52:21.323292" level="INFO">Withdrawn amount: 122.03909613755604</msg>
<arg>Withdrawn amount: ${withdrawn_amount}</arg>
<doc>Logs the given message with the given level.</doc>
<status status="PASS" start="2024-07-25T13:52:21.323292" elapsed="0.000999"/>
</kw>
<kw name="Should Be Equal As Numbers" owner="BuiltIn">
<arg>${withdrawn_amount}</arg>
<arg>${final_amount}</arg>
<doc>Fails if objects are unequal after converting them to real numbers.</doc>
<status status="PASS" start="2024-07-25T13:52:21.324291" elapsed="0.000000"/>
</kw>
<doc>Testing bank withdrawal functionality.</doc>
<status status="PASS" start="2024-07-25T13:52:21.319293" elapsed="0.004998"/>
</test>
<test id="s1-t5" name="Test Withdraw from Nonexistent User" line="52">
<kw name="Create Bank" owner="Bank_keywords">
<msg time="2024-07-25T13:52:21.326485" level="INFO">${bank} = &lt;homework11_bank_deposit.Bank object at 0x000001E34BE239B0&gt;</msg>
<var>${bank}</var>
<doc>Creates a new Bank instance.</doc>
<status status="PASS" start="2024-07-25T13:52:21.326485" elapsed="0.001000"/>
</kw>
<kw name="Withdraw" owner="Bank_keywords">
<msg time="2024-07-25T13:52:21.327485" level="INFO">${withdrawn_amount} = 0</msg>
<var>${withdrawn_amount}</var>
<arg>${bank}</arg>
<arg>NonexistentUser</arg>
<doc>Withdraws the deposit amount for a user from the bank.</doc>
<status status="PASS" start="2024-07-25T13:52:21.327485" elapsed="0.000000"/>
</kw>
<kw name="Log" owner="BuiltIn">
<msg time="2024-07-25T13:52:21.328483" level="INFO">Withdrawn amount for nonexistent user: 0</msg>
<arg>Withdrawn amount for nonexistent user: ${withdrawn_amount}</arg>
<doc>Logs the given message with the given level.</doc>
<status status="PASS" start="2024-07-25T13:52:21.328483" elapsed="0.000000"/>
</kw>
<kw name="Should Be Equal As Numbers" owner="BuiltIn">
<msg time="2024-07-25T13:52:21.329485" level="INFO">Argument types are:
&lt;class 'int'&gt;
&lt;class 'str'&gt;</msg>
<arg>${withdrawn_amount}</arg>
<arg>0</arg>
<doc>Fails if objects are unequal after converting them to real numbers.</doc>
<status status="PASS" start="2024-07-25T13:52:21.329485" elapsed="0.000000"/>
</kw>
<doc>Testing withdrawal for a nonexistent user.</doc>
<status status="PASS" start="2024-07-25T13:52:21.325483" elapsed="0.004002"/>
</test>
<test id="s1-t6" name="Test Deposit Calculation" line="60">
<kw name="Create Bank" owner="Bank_keywords">
<msg time="2024-07-25T13:52:21.332484" level="INFO">${bank} = &lt;homework11_bank_deposit.Bank object at 0x000001E34BE03B30&gt;</msg>
<var>${bank}</var>
<doc>Creates a new Bank instance.</doc>
<status status="PASS" start="2024-07-25T13:52:21.331484" elapsed="0.001000"/>
</kw>
<kw name="Deposit To Bank" owner="Bank_keywords">
<msg time="2024-07-25T13:52:21.333482" level="INFO">${final_amount} = 122.03909613755604</msg>
<var>${final_amount}</var>
<arg>${bank}</arg>
<arg>${USER}</arg>
<arg>${INITIAL_AMOUNT}</arg>
<arg>${YEARS}</arg>
<doc>Makes a deposit to the bank for a specific user.</doc>
<status status="PASS" start="2024-07-25T13:52:21.332484" elapsed="0.000998"/>
</kw>
<kw name="Log" owner="BuiltIn">
<msg time="2024-07-25T13:52:21.334484" level="INFO">Final amount after deposit: 122.03909613755604</msg>
<arg>Final amount after deposit: ${final_amount}</arg>
<doc>Logs the given message with the given level.</doc>
<status status="PASS" start="2024-07-25T13:52:21.333482" elapsed="0.001002"/>
</kw>
<kw name="Should Be True" owner="BuiltIn">
<arg>${final_amount} &gt; ${INITIAL_AMOUNT}</arg>
<doc>Fails if the given condition is not true.</doc>
<status status="PASS" start="2024-07-25T13:52:21.334484" elapsed="0.000998"/>
</kw>
<doc>Testing deposit initialization.</doc>
<status status="PASS" start="2024-07-25T13:52:21.330485" elapsed="0.005999"/>
</test>
<doc>Unittest for Homework 11: bank deposit.</doc>
<status status="PASS" start="2024-07-25T13:52:21.194488" elapsed="0.143205"/>
</suite>
<statistics>
<total>
<stat pass="6" fail="0" skip="0">All Tests</stat>
</total>
<tag>
</tag>
<suite>
<stat pass="6" fail="0" skip="0" id="s1" name="Test Bank">Test Bank</stat>
</suite>
</statistics>
<errors>
</errors>
</robot>
