<?xml version="1.0" encoding="UTF-8"?>
<robot generator="Robot 7.0.1 (Python 3.12.3 on win32)" generated="2024-07-25T14:00:28.020431" rpa="false" schemaversion="5">
<suite id="s1" name="Test Library" source="C:\Users\Alina\Homework\pymar2024\homework22\tests\test_library.robot">
<test id="s1-t1" name="Test Book Initialization" line="19">
<kw name="Create Book" owner="library_keywords">
<msg time="2024-07-25T14:00:28.157084" level="INFO">${book} = Book Harry Potter, Joanne Rowling, 500, 932-994-555, , </msg>
<var>${book}</var>
<arg>${BOOK1_TITLE}</arg>
<arg>${BOOK1_AUTHOR}</arg>
<arg>${BOOK1_PAGES}</arg>
<arg>${BOOK1_ISBN}</arg>
<doc>Create a book and return it.</doc>
<status status="PASS" start="2024-07-25T14:00:28.157084" elapsed="0.015471"/>
</kw>
<kw name="Log" owner="BuiltIn">
<msg time="2024-07-25T14:00:28.173555" level="INFO">Book details: Book Harry Potter, Joanne Rowling, 500, 932-994-555, , </msg>
<arg>Book details: ${book}</arg>
<doc>Logs the given message with the given level.</doc>
<status status="PASS" start="2024-07-25T14:00:28.173555" elapsed="0.000000"/>
</kw>
<kw name="Should Be Equal" owner="BuiltIn">
<arg>${book.title}</arg>
<arg>${BOOK1_TITLE}</arg>
<doc>Fails if the given objects are unequal.</doc>
<status status="PASS" start="2024-07-25T14:00:28.174559" elapsed="0.001172"/>
</kw>
<kw name="Should Be Equal" owner="BuiltIn">
<arg>${book.author}</arg>
<arg>${BOOK1_AUTHOR}</arg>
<doc>Fails if the given objects are unequal.</doc>
<status status="PASS" start="2024-07-25T14:00:28.175731" elapsed="0.002012"/>
</kw>
<kw name="Should Be Equal" owner="BuiltIn">
<arg>${book.number_of_pages}</arg>
<arg>${BOOK1_PAGES}</arg>
<doc>Fails if the given objects are unequal.</doc>
<status status="PASS" start="2024-07-25T14:00:28.178733" elapsed="0.000000"/>
</kw>
<kw name="Should Be Equal" owner="BuiltIn">
<arg>${book.isbn}</arg>
<arg>${BOOK1_ISBN}</arg>
<doc>Fails if the given objects are unequal.</doc>
<status status="PASS" start="2024-07-25T14:00:28.179733" elapsed="0.001001"/>
</kw>
<kw name="Should Be Equal" owner="BuiltIn">
<arg>${book.reserved_by}</arg>
<arg>${EMPTY}</arg>
<doc>Fails if the given objects are unequal.</doc>
<status status="PASS" start="2024-07-25T14:00:28.180734" elapsed="0.000998"/>
</kw>
<kw name="Should Be Equal" owner="BuiltIn">
<arg>${book.took_by}</arg>
<arg>${EMPTY}</arg>
<doc>Fails if the given objects are unequal.</doc>
<status status="PASS" start="2024-07-25T14:00:28.181732" elapsed="0.002999"/>
</kw>
<doc>Testing book initialization.</doc>
<status status="PASS" start="2024-07-25T14:00:28.157084" elapsed="0.027647"/>
</test>
<test id="s1-t2" name="Test Get Details" line="30">
<kw name="Create Book" owner="library_keywords">
<msg time="2024-07-25T14:00:28.187932" level="INFO">${book} = Book Harry Potter, Joanne Rowling, 500, 932-994-555, , </msg>
<var>${book}</var>
<arg>${BOOK1_TITLE}</arg>
<arg>${BOOK1_AUTHOR}</arg>
<arg>${BOOK1_PAGES}</arg>
<arg>${BOOK1_ISBN}</arg>
<doc>Create a book and return it.</doc>
<status status="PASS" start="2024-07-25T14:00:28.187932" elapsed="0.001001"/>
</kw>
<kw name="Get Book Details" owner="library_keywords">
<msg time="2024-07-25T14:00:28.189932" level="INFO">${details} = Title: Harry Potter, Author: Joanne Rowling, Pages: 500, ISBN: 932-994-555</msg>
<var>${details}</var>
<arg>${book}</arg>
<doc>Returns a string with the book's details.</doc>
<status status="PASS" start="2024-07-25T14:00:28.188933" elapsed="0.000999"/>
</kw>
<kw name="Log" owner="BuiltIn">
<msg time="2024-07-25T14:00:28.191933" level="INFO">Book details: Title: Harry Potter, Author: Joanne Rowling, Pages: 500, ISBN: 932-994-555</msg>
<arg>Book details: ${details}</arg>
<doc>Logs the given message with the given level.</doc>
<status status="PASS" start="2024-07-25T14:00:28.190932" elapsed="0.001001"/>
</kw>
<kw name="Should Be Equal" owner="BuiltIn">
<arg>${details}</arg>
<arg>Title: ${BOOK1_TITLE}, Author: ${BOOK1_AUTHOR}, Pages: ${BOOK1_PAGES}, ISBN: ${BOOK1_ISBN}</arg>
<doc>Fails if the given objects are unequal.</doc>
<status status="PASS" start="2024-07-25T14:00:28.192930" elapsed="0.001000"/>
</kw>
<doc>Testing getting detailed information about a book.</doc>
<status status="PASS" start="2024-07-25T14:00:28.185731" elapsed="0.008199"/>
</test>
<test id="s1-t3" name="Test Book Reservation" line="37">
<kw name="Create Book" owner="library_keywords">
<msg time="2024-07-25T14:00:28.198003" level="INFO">${book} = Book Harry Potter, Joanne Rowling, 500, 932-994-555, , </msg>
<var>${book}</var>
<arg>${BOOK1_TITLE}</arg>
<arg>${BOOK1_AUTHOR}</arg>
<arg>${BOOK1_PAGES}</arg>
<arg>${BOOK1_ISBN}</arg>
<doc>Create a book and return it.</doc>
<status status="PASS" start="2024-07-25T14:00:28.197004" elapsed="0.000999"/>
</kw>
<kw name="Create User" owner="library_keywords">
<msg time="2024-07-25T14:00:28.199003" level="INFO">${user1} = &lt;homework11_library.User object at 0x000001A0EBDA2ED0&gt;</msg>
<var>${user1}</var>
<arg>${USER1_NAME}</arg>
<doc>Create a user with the given name.</doc>
<status status="PASS" start="2024-07-25T14:00:28.198003" elapsed="0.002000"/>
</kw>
<kw name="Reserve Book" owner="library_keywords">
<msg time="2024-07-25T14:00:28.201003" level="INFO">Kate reserved the Harry Potter</msg>
<arg>${user1}</arg>
<arg>${book}</arg>
<doc>Reserve the given book using the user.</doc>
<status status="PASS" start="2024-07-25T14:00:28.200003" elapsed="0.001000"/>
</kw>
<kw name="Is Book Reserved" owner="library_keywords">
<msg time="2024-07-25T14:00:28.202002" level="INFO">${is_reserved} = True</msg>
<var>${is_reserved}</var>
<arg>${book}</arg>
<doc>Returns True if the book is reserved, False otherwise.</doc>
<status status="PASS" start="2024-07-25T14:00:28.201003" elapsed="0.000999"/>
</kw>
<kw name="Log" owner="BuiltIn">
<msg time="2024-07-25T14:00:28.203004" level="INFO">Book reserved: True</msg>
<arg>Book reserved: ${is_reserved}</arg>
<doc>Logs the given message with the given level.</doc>
<status status="PASS" start="2024-07-25T14:00:28.202002" elapsed="0.001002"/>
</kw>
<kw name="Should Be True" owner="BuiltIn">
<arg>${is_reserved}</arg>
<doc>Fails if the given condition is not true.</doc>
<status status="PASS" start="2024-07-25T14:00:28.204004" elapsed="0.000998"/>
</kw>
<doc>Testing book reservation.</doc>
<status status="PASS" start="2024-07-25T14:00:28.196102" elapsed="0.008900"/>
</test>
<test id="s1-t4" name="Test Secondary Book Reservation" line="46">
<kw name="Create Book" owner="library_keywords">
<msg time="2024-07-25T14:00:28.209227" level="INFO">${book} = Book Harry Potter, Joanne Rowling, 500, 932-994-555, , </msg>
<var>${book}</var>
<arg>${BOOK1_TITLE}</arg>
<arg>${BOOK1_AUTHOR}</arg>
<arg>${BOOK1_PAGES}</arg>
<arg>${BOOK1_ISBN}</arg>
<doc>Create a book and return it.</doc>
<status status="PASS" start="2024-07-25T14:00:28.208219" elapsed="0.001999"/>
</kw>
<kw name="Create User" owner="library_keywords">
<msg time="2024-07-25T14:00:28.211221" level="INFO">${user1} = &lt;homework11_library.User object at 0x000001A0EBDB10D0&gt;</msg>
<var>${user1}</var>
<arg>${USER1_NAME}</arg>
<doc>Create a user with the given name.</doc>
<status status="PASS" start="2024-07-25T14:00:28.210218" elapsed="0.002001"/>
</kw>
<kw name="Create User" owner="library_keywords">
<msg time="2024-07-25T14:00:28.213218" level="INFO">${user2} = &lt;homework11_library.User object at 0x000001A0EBDB16A0&gt;</msg>
<var>${user2}</var>
<arg>${USER2_NAME}</arg>
<doc>Create a user with the given name.</doc>
<status status="PASS" start="2024-07-25T14:00:28.212219" elapsed="0.000999"/>
</kw>
<kw name="Reserve Book" owner="library_keywords">
<msg time="2024-07-25T14:00:28.221782" level="INFO">Kate reserved the Harry Potter</msg>
<arg>${user1}</arg>
<arg>${book}</arg>
<doc>Reserve the given book using the user.</doc>
<status status="PASS" start="2024-07-25T14:00:28.213218" elapsed="0.009566"/>
</kw>
<kw name="Reserve Book" owner="library_keywords">
<msg time="2024-07-25T14:00:28.223782" level="INFO">This book Harry Potter has already been reserved by Kate.</msg>
<arg>${user2}</arg>
<arg>${book}</arg>
<doc>Reserve the given book using the user.</doc>
<status status="PASS" start="2024-07-25T14:00:28.222784" elapsed="0.001998"/>
</kw>
<kw name="Book Reserved By" owner="library_keywords">
<msg time="2024-07-25T14:00:28.225785" level="INFO">${reserved_by} = Kate</msg>
<var>${reserved_by}</var>
<arg>${book}</arg>
<doc>Returns True if the book is taken, False otherwise.</doc>
<status status="PASS" start="2024-07-25T14:00:28.224782" elapsed="0.002002"/>
</kw>
<kw name="Log" owner="BuiltIn">
<msg time="2024-07-25T14:00:28.228997" level="INFO">Book reserved by: Kate</msg>
<arg>Book reserved by: ${reserved_by}</arg>
<doc>Logs the given message with the given level.</doc>
<status status="PASS" start="2024-07-25T14:00:28.228412" elapsed="0.001586"/>
</kw>
<kw name="Should Be Equal" owner="BuiltIn">
<arg>${reserved_by}</arg>
<arg>${USER1_NAME}</arg>
<doc>Fails if the given objects are unequal.</doc>
<status status="PASS" start="2024-07-25T14:00:28.229998" elapsed="0.001003"/>
</kw>
<doc>Testing secondary book reservation.</doc>
<status status="PASS" start="2024-07-25T14:00:28.206003" elapsed="0.025995"/>
</test>
<test id="s1-t5" name="Test Book Taking" line="57">
<kw name="Create Book" owner="library_keywords">
<msg time="2024-07-25T14:00:28.236328" level="INFO">${book} = Book Harry Potter, Joanne Rowling, 500, 932-994-555, , </msg>
<var>${book}</var>
<arg>${BOOK1_TITLE}</arg>
<arg>${BOOK1_AUTHOR}</arg>
<arg>${BOOK1_PAGES}</arg>
<arg>${BOOK1_ISBN}</arg>
<doc>Create a book and return it.</doc>
<status status="PASS" start="2024-07-25T14:00:28.233997" elapsed="0.002331"/>
</kw>
<kw name="Create User" owner="library_keywords">
<msg time="2024-07-25T14:00:28.237335" level="INFO">${user1} = &lt;homework11_library.User object at 0x000001A0EBDA3620&gt;</msg>
<var>${user1}</var>
<arg>${USER1_NAME}</arg>
<doc>Create a user with the given name.</doc>
<status status="PASS" start="2024-07-25T14:00:28.237335" elapsed="0.000000"/>
</kw>
<kw name="Take Book" owner="library_keywords">
<msg time="2024-07-25T14:00:28.238332" level="INFO">Kate took the Harry Potter</msg>
<arg>${user1}</arg>
<arg>${book}</arg>
<doc>Take the given book using the user.</doc>
<status status="PASS" start="2024-07-25T14:00:28.238332" elapsed="0.001001"/>
</kw>
<kw name="Is Book Taken" owner="library_keywords">
<msg time="2024-07-25T14:00:28.240336" level="INFO">${is_taken} = True</msg>
<var>${is_taken}</var>
<arg>${book}</arg>
<doc>Returns True if the book is taken, False otherwise.</doc>
<status status="PASS" start="2024-07-25T14:00:28.239333" elapsed="0.001003"/>
</kw>
<kw name="Log" owner="BuiltIn">
<msg time="2024-07-25T14:00:28.241331" level="INFO">Book taken: True</msg>
<arg>Book taken: ${is_taken}</arg>
<doc>Logs the given message with the given level.</doc>
<status status="PASS" start="2024-07-25T14:00:28.240336" elapsed="0.000995"/>
</kw>
<kw name="Should Be True" owner="BuiltIn">
<arg>${is_taken}</arg>
<doc>Fails if the given condition is not true.</doc>
<status status="PASS" start="2024-07-25T14:00:28.242332" elapsed="0.000997"/>
</kw>
<doc>Testing book taking.</doc>
<status status="PASS" start="2024-07-25T14:00:28.232995" elapsed="0.010334"/>
</test>
<test id="s1-t6" name="Test Secondary Book Taking" line="66">
<kw name="Create Book" owner="library_keywords">
<msg time="2024-07-25T14:00:28.248603" level="INFO">${book} = Book Harry Potter, Joanne Rowling, 500, 932-994-555, , </msg>
<var>${book}</var>
<arg>${BOOK1_TITLE}</arg>
<arg>${BOOK1_AUTHOR}</arg>
<arg>${BOOK1_PAGES}</arg>
<arg>${BOOK1_ISBN}</arg>
<doc>Create a book and return it.</doc>
<status status="PASS" start="2024-07-25T14:00:28.247601" elapsed="0.001002"/>
</kw>
<kw name="Create User" owner="library_keywords">
<msg time="2024-07-25T14:00:28.249603" level="INFO">${user1} = &lt;homework11_library.User object at 0x000001A0EBD879E0&gt;</msg>
<var>${user1}</var>
<arg>${USER1_NAME}</arg>
<doc>Create a user with the given name.</doc>
<status status="PASS" start="2024-07-25T14:00:28.249603" elapsed="0.001000"/>
</kw>
<kw name="Create User" owner="library_keywords">
<msg time="2024-07-25T14:00:28.251601" level="INFO">${user2} = &lt;homework11_library.User object at 0x000001A0EBD868A0&gt;</msg>
<var>${user2}</var>
<arg>${USER2_NAME}</arg>
<doc>Create a user with the given name.</doc>
<status status="PASS" start="2024-07-25T14:00:28.250603" elapsed="0.000998"/>
</kw>
<kw name="Take Book" owner="library_keywords">
<msg time="2024-07-25T14:00:28.252607" level="INFO">Kate took the Harry Potter</msg>
<arg>${user1}</arg>
<arg>${book}</arg>
<doc>Take the given book using the user.</doc>
<status status="PASS" start="2024-07-25T14:00:28.252607" elapsed="0.000999"/>
</kw>
<kw name="Take Book" owner="library_keywords">
<msg time="2024-07-25T14:00:28.254602" level="INFO">This book Harry Potter has already been taken by Kate.</msg>
<arg>${user2}</arg>
<arg>${book}</arg>
<doc>Take the given book using the user.</doc>
<status status="PASS" start="2024-07-25T14:00:28.253606" elapsed="0.000996"/>
</kw>
<kw name="Book Took By" owner="library_keywords">
<msg time="2024-07-25T14:00:28.256847" level="INFO">${took_by} = Kate</msg>
<var>${took_by}</var>
<arg>${book}</arg>
<doc>Returns True if the book is taken, False otherwise.</doc>
<status status="PASS" start="2024-07-25T14:00:28.255658" elapsed="0.001189"/>
</kw>
<kw name="Log" owner="BuiltIn">
<msg time="2024-07-25T14:00:28.257803" level="INFO">Book took by: Kate</msg>
<arg>Book took by: ${took_by}</arg>
<doc>Logs the given message with the given level.</doc>
<status status="PASS" start="2024-07-25T14:00:28.257803" elapsed="0.000000"/>
</kw>
<kw name="Should Be Equal" owner="BuiltIn">
<arg>${took_by}</arg>
<arg>${USER1_NAME}</arg>
<doc>Fails if the given objects are unequal.</doc>
<status status="PASS" start="2024-07-25T14:00:28.257803" elapsed="0.002000"/>
</kw>
<doc>Testing secondary book taking.</doc>
<status status="PASS" start="2024-07-25T14:00:28.246329" elapsed="0.015470"/>
</test>
<test id="s1-t7" name="Test Return Book" line="77">
<kw name="Create Book" owner="library_keywords">
<msg time="2024-07-25T14:00:28.264801" level="INFO">${book} = Book Harry Potter, Joanne Rowling, 500, 932-994-555, , </msg>
<var>${book}</var>
<arg>${BOOK1_TITLE}</arg>
<arg>${BOOK1_AUTHOR}</arg>
<arg>${BOOK1_PAGES}</arg>
<arg>${BOOK1_ISBN}</arg>
<doc>Create a book and return it.</doc>
<status status="PASS" start="2024-07-25T14:00:28.264801" elapsed="0.001054"/>
</kw>
<kw name="Create User" owner="library_keywords">
<msg time="2024-07-25T14:00:28.266084" level="INFO">${user1} = &lt;homework11_library.User object at 0x000001A0EBD877A0&gt;</msg>
<var>${user1}</var>
<arg>${USER1_NAME}</arg>
<doc>Create a user with the given name.</doc>
<status status="PASS" start="2024-07-25T14:00:28.266084" elapsed="0.000000"/>
</kw>
<kw name="Take Book" owner="library_keywords">
<msg time="2024-07-25T14:00:28.267089" level="INFO">Kate took the Harry Potter</msg>
<arg>${user1}</arg>
<arg>${book}</arg>
<doc>Take the given book using the user.</doc>
<status status="PASS" start="2024-07-25T14:00:28.267089" elapsed="0.000000"/>
</kw>
<kw name="Return Book" owner="library_keywords">
<msg time="2024-07-25T14:00:28.268087" level="INFO">Kate returned the Harry Potter</msg>
<arg>${user1}</arg>
<arg>${book}</arg>
<doc>Return the given book using the user.</doc>
<status status="PASS" start="2024-07-25T14:00:28.267089" elapsed="0.000998"/>
</kw>
<kw name="Book Took By" owner="library_keywords">
<msg time="2024-07-25T14:00:28.269094" level="INFO">${took_by} = </msg>
<var>${took_by}</var>
<arg>${book}</arg>
<doc>Returns True if the book is taken, False otherwise.</doc>
<status status="PASS" start="2024-07-25T14:00:28.268087" elapsed="0.001007"/>
</kw>
<kw name="Log" owner="BuiltIn">
<msg time="2024-07-25T14:00:28.269094" level="INFO">Book took by after returning: </msg>
<arg>Book took by after returning: ${took_by}</arg>
<doc>Logs the given message with the given level.</doc>
<status status="PASS" start="2024-07-25T14:00:28.269094" elapsed="0.000000"/>
</kw>
<kw name="Should Be Empty" owner="BuiltIn">
<msg time="2024-07-25T14:00:28.271085" level="INFO">Length is 0.</msg>
<arg>${took_by}</arg>
<doc>Verifies that the given item is empty.</doc>
<status status="PASS" start="2024-07-25T14:00:28.270095" elapsed="0.000990"/>
</kw>
<doc>Testing returning a book.</doc>
<status status="PASS" start="2024-07-25T14:00:28.263802" elapsed="0.007283"/>
</test>
<test id="s1-t8" name="Test Return Book Not Taken" line="87">
<kw name="Create Book" owner="library_keywords">
<msg time="2024-07-25T14:00:28.299202" level="INFO">${book} = Book Harry Potter, Joanne Rowling, 500, 932-994-555, , </msg>
<var>${book}</var>
<arg>${BOOK1_TITLE}</arg>
<arg>${BOOK1_AUTHOR}</arg>
<arg>${BOOK1_PAGES}</arg>
<arg>${BOOK1_ISBN}</arg>
<doc>Create a book and return it.</doc>
<status status="PASS" start="2024-07-25T14:00:28.297841" elapsed="0.001361"/>
</kw>
<kw name="Create User" owner="library_keywords">
<msg time="2024-07-25T14:00:28.300203" level="INFO">${user1} = &lt;homework11_library.User object at 0x000001A0EBDA2E10&gt;</msg>
<var>${user1}</var>
<arg>${USER1_NAME}</arg>
<doc>Create a user with the given name.</doc>
<status status="PASS" start="2024-07-25T14:00:28.299202" elapsed="0.001001"/>
</kw>
<kw name="Create User" owner="library_keywords">
<msg time="2024-07-25T14:00:28.301202" level="INFO">${user2} = &lt;homework11_library.User object at 0x000001A0EBDA0320&gt;</msg>
<var>${user2}</var>
<arg>${USER2_NAME}</arg>
<doc>Create a user with the given name.</doc>
<status status="PASS" start="2024-07-25T14:00:28.301202" elapsed="0.001002"/>
</kw>
<kw name="Take Book" owner="library_keywords">
<msg time="2024-07-25T14:00:28.303202" level="INFO">Kate took the Harry Potter</msg>
<arg>${user1}</arg>
<arg>${book}</arg>
<doc>Take the given book using the user.</doc>
<status status="PASS" start="2024-07-25T14:00:28.302204" elapsed="0.000998"/>
</kw>
<kw name="Return Book" owner="library_keywords">
<msg time="2024-07-25T14:00:28.304201" level="INFO">Ira can not return Harry Potter because it hasbeen not taken by her/ him.</msg>
<arg>${user2}</arg>
<arg>${book}</arg>
<doc>Return the given book using the user.</doc>
<status status="PASS" start="2024-07-25T14:00:28.303202" elapsed="0.000999"/>
</kw>
<kw name="Book Took By" owner="library_keywords">
<msg time="2024-07-25T14:00:28.305201" level="INFO">${took_by} = Kate</msg>
<var>${took_by}</var>
<arg>${book}</arg>
<doc>Returns True if the book is taken, False otherwise.</doc>
<status status="PASS" start="2024-07-25T14:00:28.305201" elapsed="0.000000"/>
</kw>
<kw name="Log" owner="BuiltIn">
<msg time="2024-07-25T14:00:28.306396" level="INFO">Book took by after trying to return: Kate</msg>
<arg>Book took by after trying to return: ${took_by}</arg>
<doc>Logs the given message with the given level.</doc>
<status status="PASS" start="2024-07-25T14:00:28.306396" elapsed="0.000000"/>
</kw>
<kw name="Should Be Equal" owner="BuiltIn">
<arg>${took_by}</arg>
<arg>${USER1_NAME}</arg>
<doc>Fails if the given objects are unequal.</doc>
<status status="PASS" start="2024-07-25T14:00:28.307400" elapsed="0.001001"/>
</kw>
<doc>Testing returning a book that hasn't been taken.</doc>
<status status="PASS" start="2024-07-25T14:00:28.291762" elapsed="0.016639"/>
</test>
<doc>Unittest for Homework 11: library.</doc>
<status status="PASS" start="2024-07-25T14:00:28.054947" elapsed="0.259452"/>
</suite>
<statistics>
<total>
<stat pass="8" fail="0" skip="0">All Tests</stat>
</total>
<tag>
</tag>
<suite>
<stat pass="8" fail="0" skip="0" id="s1" name="Test Library">Test Library</stat>
</suite>
</statistics>
<errors>
</errors>
</robot>
